Command line
python C:\Users\gurka\miniconda3\envs\chemprop\lib\site-packages\ipykernel_launcher.py --ip=127.0.0.1 --stdin=9008 --control=9006 --hb=9005 --Session.signature_scheme="hmac-sha256" --Session.key=b"38d87ed5-066b-4f4f-aabb-4f9652b0e369" --shell=9007 --transport="tcp" --iopub=9009 --f=C:\Users\gurka\AppData\Local\Temp\tmp-9036RY09CC7MEFFo.json
Args
{'activation': 'ReLU',
 'aggregation': 'mean',
 'aggregation_norm': 100,
 'atom_descriptor_scaling': True,
 'atom_descriptors': None,
 'atom_descriptors_path': None,
 'atom_descriptors_size': 0,
 'atom_features_size': 0,
 'atom_messages': False,
 'batch_size': 50,
 'bias': False,
 'bond_feature_scaling': True,
 'bond_features_path': None,
 'bond_features_size': 0,
 'cache_cutoff': 10000,
 'checkpoint_dir': None,
 'checkpoint_frzn': None,
 'checkpoint_path': None,
 'checkpoint_paths': None,
 'class_balance': False,
 'config_path': None,
 'crossval_index_dir': None,
 'crossval_index_file': None,
 'crossval_index_sets': None,
 'cuda': False,
 'data_path': './data/chemprop_data.csv',
 'data_weights_path': None,
 'dataset_type': 'classification',
 'depth': 3,
 'device': device(type='cpu'),
 'dropout': 0.0,
 'empty_cache': False,
 'ensemble_size': 1,
 'epochs': 30,
 'explicit_h': False,
 'extra_metrics': [],
 'features_generator': None,
 'features_only': False,
 'features_path': None,
 'features_scaling': True,
 'features_size': None,
 'ffn_hidden_size': 300,
 'ffn_num_layers': 2,
 'final_lr': 0.0001,
 'folds_file': None,
 'freeze_first_only': False,
 'frzn_ffn_layers': 0,
 'gpu': None,
 'grad_clip': None,
 'hidden_size': 300,
 'ignore_columns': None,
 'init_lr': 0.0001,
 'log_frequency': 10,
 'max_data_size': None,
 'max_lr': 0.001,
 'metric': 'auc',
 'metrics': ['auc'],
 'minimize_score': False,
 'mpn_shared': False,
 'multiclass_num_classes': 3,
 'no_atom_descriptor_scaling': False,
 'no_bond_features_scaling': False,
 'no_cache_mol': False,
 'no_cuda': False,
 'no_features_scaling': False,
 'num_folds': 1,
 'num_lrs': 1,
 'num_tasks': 1,
 'num_workers': 8,
 'number_of_molecules': 1,
 'overwrite_default_atom_features': False,
 'overwrite_default_bond_features': False,
 'pytorch_seed': 0,
 'quiet': False,
 'reaction': False,
 'reaction_mode': 'reac_diff',
 'resume_experiment': False,
 'save_dir': './data/chemprop_checkpoints/',
 'save_preds': False,
 'save_smiles_splits': False,
 'seed': 0,
 'separate_test_atom_descriptors_path': None,
 'separate_test_bond_features_path': None,
 'separate_test_features_path': None,
 'separate_test_path': None,
 'separate_val_atom_descriptors_path': None,
 'separate_val_bond_features_path': None,
 'separate_val_features_path': None,
 'separate_val_path': None,
 'show_individual_scores': False,
 'smiles_columns': ['smiles'],
 'split_sizes': (0.8, 0.1, 0.1),
 'split_type': 'random',
 'target_columns': None,
 'target_weights': None,
 'task_names': ['BBB+/BBB-'],
 'test': False,
 'test_fold_index': None,
 'train_data_size': None,
 'undirected': False,
 'use_input_features': False,
 'val_fold_index': None,
 'warmup_epochs': 2.0}
Loading data
Number of tasks = 1
Fold 0
Splitting data with seed 0
Class sizes
BBB+/BBB- 0: 37.21%, 1: 62.79%
Total size = 8,091 | train size = 6,472 | val size = 809 | test size = 810
Building model 0
MoleculeModel(
  (sigmoid): Sigmoid()
  (encoder): MPN(
    (encoder): ModuleList(
      (0): MPNEncoder(
        (dropout_layer): Dropout(p=0.0, inplace=False)
        (act_func): ReLU()
        (W_i): Linear(in_features=147, out_features=300, bias=False)
        (W_h): Linear(in_features=300, out_features=300, bias=False)
        (W_o): Linear(in_features=433, out_features=300, bias=True)
      )
    )
  )
  (ffn): Sequential(
    (0): Dropout(p=0.0, inplace=False)
    (1): Linear(in_features=300, out_features=300, bias=True)
    (2): ReLU()
    (3): Dropout(p=0.0, inplace=False)
    (4): Linear(in_features=300, out_features=1, bias=True)
  )
)
Number of parameters = 355,201
Epoch 0
Loss = 6.7226e-01, PNorm = 34.0109, GNorm = 0.9272, lr_0 = 1.3837e-04
Loss = 6.3103e-01, PNorm = 34.0133, GNorm = 0.9651, lr_0 = 1.7326e-04
Loss = 6.1943e-01, PNorm = 34.0197, GNorm = 0.6934, lr_0 = 2.0814e-04
Loss = 6.0175e-01, PNorm = 34.0309, GNorm = 1.3673, lr_0 = 2.4302e-04
Loss = 5.5347e-01, PNorm = 34.0472, GNorm = 0.8781, lr_0 = 2.7791e-04
Loss = 5.3513e-01, PNorm = 34.0668, GNorm = 1.1626, lr_0 = 3.1279e-04
Loss = 5.4145e-01, PNorm = 34.0864, GNorm = 1.6782, lr_0 = 3.4767e-04
Loss = 4.9902e-01, PNorm = 34.1075, GNorm = 1.4227, lr_0 = 3.8256e-04
Loss = 4.7422e-01, PNorm = 34.1306, GNorm = 0.6905, lr_0 = 4.1744e-04
Loss = 4.9991e-01, PNorm = 34.1523, GNorm = 3.4635, lr_0 = 4.5233e-04
Loss = 5.3835e-01, PNorm = 34.1696, GNorm = 2.1882, lr_0 = 4.8721e-04
Loss = 4.9596e-01, PNorm = 34.1930, GNorm = 2.4204, lr_0 = 5.2209e-04
Validation auc = 0.810803
Epoch 1
Loss = 6.0877e-01, PNorm = 34.2282, GNorm = 3.5683, lr_0 = 5.6047e-04
Loss = 4.7804e-01, PNorm = 34.2625, GNorm = 2.4826, lr_0 = 5.9535e-04
Loss = 4.9346e-01, PNorm = 34.2962, GNorm = 1.5165, lr_0 = 6.3023e-04
Loss = 5.1402e-01, PNorm = 34.3282, GNorm = 3.4677, lr_0 = 6.6512e-04
Loss = 4.4599e-01, PNorm = 34.3736, GNorm = 0.4028, lr_0 = 7.0000e-04
Loss = 4.3779e-01, PNorm = 34.4255, GNorm = 0.8507, lr_0 = 7.3488e-04
Loss = 4.7848e-01, PNorm = 34.4667, GNorm = 2.5183, lr_0 = 7.6977e-04
Loss = 4.4482e-01, PNorm = 34.5200, GNorm = 0.8424, lr_0 = 8.0465e-04
Loss = 4.6825e-01, PNorm = 34.5794, GNorm = 4.5283, lr_0 = 8.3953e-04
Loss = 4.3141e-01, PNorm = 34.6349, GNorm = 1.9789, lr_0 = 8.7442e-04
Loss = 3.8379e-01, PNorm = 34.6956, GNorm = 0.5945, lr_0 = 9.0930e-04
Loss = 3.9602e-01, PNorm = 34.7563, GNorm = 2.6447, lr_0 = 9.4419e-04
Loss = 4.1893e-01, PNorm = 34.8062, GNorm = 0.8440, lr_0 = 9.7907e-04
Validation auc = 0.866063
Epoch 2
Loss = 2.6879e-01, PNorm = 34.8645, GNorm = 1.4614, lr_0 = 9.9682e-04
Loss = 4.8476e-01, PNorm = 34.9283, GNorm = 2.1762, lr_0 = 9.9048e-04
Loss = 3.9460e-01, PNorm = 34.9981, GNorm = 1.9283, lr_0 = 9.8419e-04
Loss = 4.7020e-01, PNorm = 35.0421, GNorm = 0.6778, lr_0 = 9.7794e-04
Loss = 4.2456e-01, PNorm = 35.1091, GNorm = 1.3252, lr_0 = 9.7172e-04
Loss = 4.5434e-01, PNorm = 35.1581, GNorm = 1.6760, lr_0 = 9.6555e-04
Loss = 4.0184e-01, PNorm = 35.2228, GNorm = 0.7280, lr_0 = 9.5941e-04
Loss = 4.1595e-01, PNorm = 35.2820, GNorm = 0.8330, lr_0 = 9.5331e-04
Loss = 4.0311e-01, PNorm = 35.3353, GNorm = 1.8572, lr_0 = 9.4726e-04
Loss = 4.2546e-01, PNorm = 35.3921, GNorm = 0.9841, lr_0 = 9.4124e-04
Loss = 4.1956e-01, PNorm = 35.4565, GNorm = 0.7026, lr_0 = 9.3526e-04
Loss = 3.4512e-01, PNorm = 35.5316, GNorm = 0.5975, lr_0 = 9.2931e-04
Loss = 4.1274e-01, PNorm = 35.5888, GNorm = 3.8018, lr_0 = 9.2341e-04
Validation auc = 0.887981
Epoch 3
Loss = 3.8032e-01, PNorm = 35.6321, GNorm = 1.2044, lr_0 = 9.1754e-04
Loss = 3.8441e-01, PNorm = 35.6947, GNorm = 0.8490, lr_0 = 9.1171e-04
Loss = 4.1443e-01, PNorm = 35.7591, GNorm = 0.7600, lr_0 = 9.0592e-04
Loss = 4.2259e-01, PNorm = 35.8182, GNorm = 0.8314, lr_0 = 9.0016e-04
Loss = 4.6885e-01, PNorm = 35.8645, GNorm = 1.7525, lr_0 = 8.9444e-04
Loss = 4.0113e-01, PNorm = 35.9204, GNorm = 0.5254, lr_0 = 8.8875e-04
Loss = 4.0081e-01, PNorm = 35.9897, GNorm = 2.0098, lr_0 = 8.8311e-04
Loss = 4.0057e-01, PNorm = 36.0433, GNorm = 0.9853, lr_0 = 8.7750e-04
Loss = 3.9145e-01, PNorm = 36.1021, GNorm = 1.7689, lr_0 = 8.7192e-04
Loss = 3.8426e-01, PNorm = 36.1527, GNorm = 1.1621, lr_0 = 8.6638e-04
Loss = 3.2845e-01, PNorm = 36.2085, GNorm = 0.5851, lr_0 = 8.6087e-04
Loss = 3.6483e-01, PNorm = 36.2513, GNorm = 3.3964, lr_0 = 8.5540e-04
Loss = 3.6719e-01, PNorm = 36.2845, GNorm = 0.3724, lr_0 = 8.4997e-04
Validation auc = 0.906283
Epoch 4
Loss = 3.6073e-01, PNorm = 36.3474, GNorm = 2.3360, lr_0 = 8.4403e-04
Loss = 4.0505e-01, PNorm = 36.3975, GNorm = 1.6413, lr_0 = 8.3866e-04
Loss = 3.8102e-01, PNorm = 36.4495, GNorm = 1.4800, lr_0 = 8.3333e-04
Loss = 3.8980e-01, PNorm = 36.4893, GNorm = 1.9688, lr_0 = 8.2804e-04
Loss = 3.3296e-01, PNorm = 36.5407, GNorm = 2.3981, lr_0 = 8.2278e-04
Loss = 3.9276e-01, PNorm = 36.5936, GNorm = 1.9586, lr_0 = 8.1755e-04
Loss = 3.5303e-01, PNorm = 36.6429, GNorm = 1.2769, lr_0 = 8.1235e-04
Loss = 3.6728e-01, PNorm = 36.6928, GNorm = 0.6762, lr_0 = 8.0719e-04
Loss = 3.5110e-01, PNorm = 36.7529, GNorm = 1.3350, lr_0 = 8.0206e-04
Loss = 3.6554e-01, PNorm = 36.8061, GNorm = 2.6041, lr_0 = 7.9697e-04
Loss = 3.4828e-01, PNorm = 36.8434, GNorm = 0.8797, lr_0 = 7.9190e-04
Loss = 3.7393e-01, PNorm = 36.8858, GNorm = 1.3926, lr_0 = 7.8687e-04
Loss = 2.8646e-01, PNorm = 36.9278, GNorm = 1.1699, lr_0 = 7.8187e-04
Validation auc = 0.913457
Epoch 5
Loss = 4.0877e-01, PNorm = 36.9666, GNorm = 1.9228, lr_0 = 7.7690e-04
Loss = 3.4822e-01, PNorm = 37.0127, GNorm = 1.0362, lr_0 = 7.7196e-04
Loss = 3.2848e-01, PNorm = 37.0553, GNorm = 1.5575, lr_0 = 7.6706e-04
Loss = 2.8522e-01, PNorm = 37.0957, GNorm = 1.2469, lr_0 = 7.6218e-04
Loss = 3.3054e-01, PNorm = 37.1476, GNorm = 0.9619, lr_0 = 7.5734e-04
Loss = 2.8106e-01, PNorm = 37.2013, GNorm = 0.6924, lr_0 = 7.5253e-04
Loss = 3.3414e-01, PNorm = 37.2462, GNorm = 0.6726, lr_0 = 7.4775e-04
Loss = 3.4523e-01, PNorm = 37.2943, GNorm = 1.6550, lr_0 = 7.4299e-04
Loss = 3.9942e-01, PNorm = 37.3357, GNorm = 1.0087, lr_0 = 7.3827e-04
Loss = 3.9542e-01, PNorm = 37.3822, GNorm = 1.2581, lr_0 = 7.3358e-04
Loss = 3.3749e-01, PNorm = 37.4310, GNorm = 1.9940, lr_0 = 7.2892e-04
Loss = 3.2417e-01, PNorm = 37.4789, GNorm = 0.6716, lr_0 = 7.2429e-04
Loss = 3.8607e-01, PNorm = 37.5233, GNorm = 3.7855, lr_0 = 7.1969e-04
Validation auc = 0.904501
Epoch 6
Loss = 4.1519e-01, PNorm = 37.5596, GNorm = 1.1027, lr_0 = 7.1466e-04
Loss = 3.0434e-01, PNorm = 37.6082, GNorm = 1.2021, lr_0 = 7.1012e-04
Loss = 3.5417e-01, PNorm = 37.6528, GNorm = 1.6630, lr_0 = 7.0560e-04
Loss = 3.0682e-01, PNorm = 37.7033, GNorm = 1.0914, lr_0 = 7.0112e-04
Loss = 2.9637e-01, PNorm = 37.7553, GNorm = 0.8621, lr_0 = 6.9666e-04
Loss = 3.0591e-01, PNorm = 37.7904, GNorm = 1.5818, lr_0 = 6.9224e-04
Loss = 3.1320e-01, PNorm = 37.8149, GNorm = 0.9510, lr_0 = 6.8784e-04
Loss = 3.4196e-01, PNorm = 37.8435, GNorm = 1.2214, lr_0 = 6.8347e-04
Loss = 3.2857e-01, PNorm = 37.8815, GNorm = 1.2545, lr_0 = 6.7912e-04
Loss = 3.4336e-01, PNorm = 37.9145, GNorm = 0.6740, lr_0 = 6.7481e-04
Loss = 3.3099e-01, PNorm = 37.9550, GNorm = 0.8025, lr_0 = 6.7052e-04
Loss = 2.9657e-01, PNorm = 38.0022, GNorm = 2.0185, lr_0 = 6.6626e-04
Loss = 3.1789e-01, PNorm = 38.0359, GNorm = 1.3223, lr_0 = 6.6203e-04
Validation auc = 0.922960
Epoch 7
Loss = 3.3790e-01, PNorm = 38.0750, GNorm = 1.7679, lr_0 = 6.5782e-04
Loss = 3.0958e-01, PNorm = 38.1244, GNorm = 0.5694, lr_0 = 6.5364e-04
Loss = 3.1519e-01, PNorm = 38.1755, GNorm = 0.9223, lr_0 = 6.4949e-04
Loss = 3.2633e-01, PNorm = 38.2259, GNorm = 1.2680, lr_0 = 6.4536e-04
Loss = 3.0804e-01, PNorm = 38.2630, GNorm = 1.4846, lr_0 = 6.4126e-04
Loss = 2.6655e-01, PNorm = 38.3066, GNorm = 1.7039, lr_0 = 6.3718e-04
Loss = 2.9783e-01, PNorm = 38.3439, GNorm = 1.4488, lr_0 = 6.3313e-04
Loss = 3.3237e-01, PNorm = 38.3779, GNorm = 1.3508, lr_0 = 6.2911e-04
Loss = 2.7894e-01, PNorm = 38.4066, GNorm = 0.5342, lr_0 = 6.2511e-04
Loss = 2.7516e-01, PNorm = 38.4602, GNorm = 0.9394, lr_0 = 6.2114e-04
Loss = 3.0058e-01, PNorm = 38.5014, GNorm = 1.5006, lr_0 = 6.1719e-04
Loss = 3.5692e-01, PNorm = 38.5044, GNorm = 0.4975, lr_0 = 6.1327e-04
Loss = 2.7154e-01, PNorm = 38.5271, GNorm = 0.9448, lr_0 = 6.0937e-04
Validation auc = 0.927333
Epoch 8
Loss = 2.9059e-01, PNorm = 38.5672, GNorm = 1.1888, lr_0 = 6.0512e-04
Loss = 2.6264e-01, PNorm = 38.6104, GNorm = 1.5675, lr_0 = 6.0127e-04
Loss = 3.0063e-01, PNorm = 38.6549, GNorm = 3.9584, lr_0 = 5.9745e-04
Loss = 3.0677e-01, PNorm = 38.6877, GNorm = 0.6104, lr_0 = 5.9365e-04
Loss = 3.2648e-01, PNorm = 38.7237, GNorm = 1.6801, lr_0 = 5.8988e-04
Loss = 3.4607e-01, PNorm = 38.7609, GNorm = 1.2021, lr_0 = 5.8613e-04
Loss = 2.7169e-01, PNorm = 38.7918, GNorm = 1.1946, lr_0 = 5.8241e-04
Loss = 2.5646e-01, PNorm = 38.8317, GNorm = 0.8808, lr_0 = 5.7871e-04
Loss = 2.9926e-01, PNorm = 38.8658, GNorm = 2.6856, lr_0 = 5.7503e-04
Loss = 3.1188e-01, PNorm = 38.8966, GNorm = 0.8284, lr_0 = 5.7138e-04
Loss = 2.8984e-01, PNorm = 38.9312, GNorm = 0.9114, lr_0 = 5.6774e-04
Loss = 3.5073e-01, PNorm = 38.9700, GNorm = 1.7276, lr_0 = 5.6414e-04
Loss = 3.0119e-01, PNorm = 39.0027, GNorm = 1.6303, lr_0 = 5.6055e-04
Validation auc = 0.925137
Epoch 9
Loss = 2.8120e-01, PNorm = 39.0360, GNorm = 0.7387, lr_0 = 5.5663e-04
Loss = 2.8625e-01, PNorm = 39.0653, GNorm = 0.8660, lr_0 = 5.5310e-04
Loss = 2.5550e-01, PNorm = 39.1144, GNorm = 1.0607, lr_0 = 5.4958e-04
Loss = 3.1698e-01, PNorm = 39.1615, GNorm = 1.0895, lr_0 = 5.4609e-04
Loss = 2.9955e-01, PNorm = 39.2023, GNorm = 1.3894, lr_0 = 5.4262e-04
Loss = 2.8489e-01, PNorm = 39.2497, GNorm = 1.0468, lr_0 = 5.3917e-04
Loss = 2.3459e-01, PNorm = 39.2898, GNorm = 1.2000, lr_0 = 5.3575e-04
Loss = 2.7176e-01, PNorm = 39.3214, GNorm = 1.4097, lr_0 = 5.3234e-04
Loss = 2.8968e-01, PNorm = 39.3381, GNorm = 0.7731, lr_0 = 5.2896e-04
Loss = 2.7046e-01, PNorm = 39.3637, GNorm = 0.9842, lr_0 = 5.2560e-04
Loss = 2.8262e-01, PNorm = 39.3807, GNorm = 0.7087, lr_0 = 5.2226e-04
Loss = 2.8117e-01, PNorm = 39.3964, GNorm = 2.3257, lr_0 = 5.1894e-04
Loss = 2.5309e-01, PNorm = 39.4165, GNorm = 0.7196, lr_0 = 5.1564e-04
Validation auc = 0.929826
Epoch 10
Loss = 2.9214e-01, PNorm = 39.4370, GNorm = 1.4255, lr_0 = 5.1236e-04
Loss = 2.7489e-01, PNorm = 39.4598, GNorm = 0.7421, lr_0 = 5.0911e-04
Loss = 2.1994e-01, PNorm = 39.5010, GNorm = 0.7032, lr_0 = 5.0587e-04
Loss = 2.5690e-01, PNorm = 39.5326, GNorm = 1.1013, lr_0 = 5.0266e-04
Loss = 2.0029e-01, PNorm = 39.5608, GNorm = 0.7484, lr_0 = 4.9946e-04
Loss = 2.8826e-01, PNorm = 39.5917, GNorm = 1.7421, lr_0 = 4.9629e-04
Loss = 3.0287e-01, PNorm = 39.6304, GNorm = 0.7330, lr_0 = 4.9314e-04
Loss = 3.0161e-01, PNorm = 39.6550, GNorm = 0.7748, lr_0 = 4.9000e-04
Loss = 2.6705e-01, PNorm = 39.6821, GNorm = 1.2038, lr_0 = 4.8689e-04
Loss = 2.6427e-01, PNorm = 39.7071, GNorm = 0.8870, lr_0 = 4.8380e-04
Loss = 2.3635e-01, PNorm = 39.7344, GNorm = 0.7343, lr_0 = 4.8072e-04
Loss = 2.6441e-01, PNorm = 39.7644, GNorm = 2.2302, lr_0 = 4.7767e-04
Loss = 2.7593e-01, PNorm = 39.7988, GNorm = 1.0936, lr_0 = 4.7463e-04
Validation auc = 0.934514
Epoch 11
Loss = 2.6985e-01, PNorm = 39.8249, GNorm = 1.7989, lr_0 = 4.7131e-04
Loss = 2.7946e-01, PNorm = 39.8453, GNorm = 2.8649, lr_0 = 4.6832e-04
Loss = 2.7129e-01, PNorm = 39.8656, GNorm = 0.5650, lr_0 = 4.6534e-04
Loss = 2.5349e-01, PNorm = 39.9046, GNorm = 0.7551, lr_0 = 4.6239e-04
Loss = 2.4670e-01, PNorm = 39.9429, GNorm = 1.9233, lr_0 = 4.5945e-04
Loss = 2.8077e-01, PNorm = 39.9710, GNorm = 0.9196, lr_0 = 4.5653e-04
Loss = 2.5718e-01, PNorm = 39.9999, GNorm = 1.3831, lr_0 = 4.5363e-04
Loss = 2.2418e-01, PNorm = 40.0221, GNorm = 0.5492, lr_0 = 4.5075e-04
Loss = 2.6182e-01, PNorm = 40.0565, GNorm = 0.8806, lr_0 = 4.4788e-04
Loss = 2.4729e-01, PNorm = 40.0832, GNorm = 1.0494, lr_0 = 4.4504e-04
Loss = 2.2918e-01, PNorm = 40.1153, GNorm = 0.7941, lr_0 = 4.4221e-04
Loss = 3.2776e-01, PNorm = 40.1362, GNorm = 1.1135, lr_0 = 4.3940e-04
Loss = 2.7238e-01, PNorm = 40.1564, GNorm = 0.7846, lr_0 = 4.3660e-04
Validation auc = 0.935159
Epoch 12
Loss = 2.4692e-01, PNorm = 40.1779, GNorm = 1.3731, lr_0 = 4.3383e-04
Loss = 2.6158e-01, PNorm = 40.1990, GNorm = 0.7560, lr_0 = 4.3107e-04
Loss = 2.2671e-01, PNorm = 40.2237, GNorm = 1.2345, lr_0 = 4.2833e-04
Loss = 2.0683e-01, PNorm = 40.2490, GNorm = 0.9520, lr_0 = 4.2561e-04
Loss = 2.8068e-01, PNorm = 40.2688, GNorm = 1.2600, lr_0 = 4.2291e-04
Loss = 2.4128e-01, PNorm = 40.2896, GNorm = 1.3722, lr_0 = 4.2022e-04
Loss = 2.8000e-01, PNorm = 40.3104, GNorm = 1.1967, lr_0 = 4.1755e-04
Loss = 2.5262e-01, PNorm = 40.3311, GNorm = 1.6046, lr_0 = 4.1490e-04
Loss = 2.2503e-01, PNorm = 40.3577, GNorm = 0.7342, lr_0 = 4.1226e-04
Loss = 2.5844e-01, PNorm = 40.3888, GNorm = 2.8291, lr_0 = 4.0964e-04
Loss = 2.8210e-01, PNorm = 40.4082, GNorm = 1.8669, lr_0 = 4.0704e-04
Loss = 2.7949e-01, PNorm = 40.4312, GNorm = 1.3943, lr_0 = 4.0445e-04
Loss = 2.2089e-01, PNorm = 40.4579, GNorm = 0.6668, lr_0 = 4.0188e-04
Validation auc = 0.936047
Epoch 13
Loss = 2.4663e-01, PNorm = 40.4882, GNorm = 0.8563, lr_0 = 3.9907e-04
Loss = 2.8826e-01, PNorm = 40.5125, GNorm = 2.5412, lr_0 = 3.9654e-04
Loss = 2.6720e-01, PNorm = 40.5356, GNorm = 1.0700, lr_0 = 3.9402e-04
Loss = 2.0981e-01, PNorm = 40.5732, GNorm = 0.7580, lr_0 = 3.9151e-04
Loss = 2.4321e-01, PNorm = 40.6034, GNorm = 1.5638, lr_0 = 3.8903e-04
Loss = 2.3451e-01, PNorm = 40.6277, GNorm = 1.0120, lr_0 = 3.8655e-04
Loss = 2.2293e-01, PNorm = 40.6471, GNorm = 1.5265, lr_0 = 3.8410e-04
Loss = 2.6251e-01, PNorm = 40.6653, GNorm = 1.2952, lr_0 = 3.8166e-04
Loss = 2.5259e-01, PNorm = 40.6844, GNorm = 1.4796, lr_0 = 3.7923e-04
Loss = 2.1768e-01, PNorm = 40.7107, GNorm = 1.4028, lr_0 = 3.7682e-04
Loss = 2.2397e-01, PNorm = 40.7294, GNorm = 0.9159, lr_0 = 3.7443e-04
Loss = 2.5713e-01, PNorm = 40.7465, GNorm = 0.8780, lr_0 = 3.7205e-04
Loss = 2.7590e-01, PNorm = 40.7628, GNorm = 1.7067, lr_0 = 3.6968e-04
Validation auc = 0.937921
Epoch 14
Loss = 2.2230e-01, PNorm = 40.7763, GNorm = 1.2225, lr_0 = 3.6733e-04
Loss = 2.1340e-01, PNorm = 40.7988, GNorm = 0.8082, lr_0 = 3.6500e-04
Loss = 2.3454e-01, PNorm = 40.8193, GNorm = 0.7473, lr_0 = 3.6268e-04
Loss = 2.3059e-01, PNorm = 40.8373, GNorm = 0.8339, lr_0 = 3.6038e-04
Loss = 2.2851e-01, PNorm = 40.8599, GNorm = 2.5837, lr_0 = 3.5809e-04
Loss = 2.5213e-01, PNorm = 40.8845, GNorm = 0.6509, lr_0 = 3.5581e-04
Loss = 2.2055e-01, PNorm = 40.9069, GNorm = 1.1492, lr_0 = 3.5355e-04
Loss = 2.1239e-01, PNorm = 40.9272, GNorm = 0.9875, lr_0 = 3.5130e-04
Loss = 2.5580e-01, PNorm = 40.9458, GNorm = 0.7631, lr_0 = 3.4907e-04
Loss = 2.3747e-01, PNorm = 40.9634, GNorm = 0.6651, lr_0 = 3.4685e-04
Loss = 2.3615e-01, PNorm = 40.9940, GNorm = 0.9609, lr_0 = 3.4465e-04
Loss = 2.3815e-01, PNorm = 41.0191, GNorm = 1.5515, lr_0 = 3.4246e-04
Loss = 2.5523e-01, PNorm = 41.0390, GNorm = 1.4810, lr_0 = 3.4028e-04
Validation auc = 0.935718
Epoch 15
Loss = 2.1347e-01, PNorm = 41.0665, GNorm = 1.1600, lr_0 = 3.3790e-04
Loss = 2.1472e-01, PNorm = 41.0871, GNorm = 1.2670, lr_0 = 3.3576e-04
Loss = 2.2980e-01, PNorm = 41.1073, GNorm = 0.8430, lr_0 = 3.3362e-04
Loss = 2.0415e-01, PNorm = 41.1253, GNorm = 1.2093, lr_0 = 3.3150e-04
Loss = 2.3837e-01, PNorm = 41.1405, GNorm = 1.1050, lr_0 = 3.2940e-04
Loss = 2.5999e-01, PNorm = 41.1536, GNorm = 0.9802, lr_0 = 3.2730e-04
Loss = 2.1618e-01, PNorm = 41.1753, GNorm = 0.6869, lr_0 = 3.2522e-04
Loss = 2.3931e-01, PNorm = 41.1997, GNorm = 1.7612, lr_0 = 3.2316e-04
Loss = 1.9532e-01, PNorm = 41.2183, GNorm = 1.5821, lr_0 = 3.2110e-04
Loss = 2.5115e-01, PNorm = 41.2355, GNorm = 2.2307, lr_0 = 3.1906e-04
Loss = 2.1100e-01, PNorm = 41.2560, GNorm = 1.3169, lr_0 = 3.1704e-04
Loss = 2.0669e-01, PNorm = 41.2779, GNorm = 1.2231, lr_0 = 3.1502e-04
Loss = 2.2532e-01, PNorm = 41.2930, GNorm = 1.4013, lr_0 = 3.1302e-04
Validation auc = 0.941636
Epoch 16
Loss = 1.9724e-01, PNorm = 41.3056, GNorm = 1.7966, lr_0 = 3.1103e-04
Loss = 2.2520e-01, PNorm = 41.3249, GNorm = 1.0213, lr_0 = 3.0905e-04
Loss = 2.3404e-01, PNorm = 41.3436, GNorm = 0.9883, lr_0 = 3.0709e-04
Loss = 1.9909e-01, PNorm = 41.3657, GNorm = 1.0944, lr_0 = 3.0514e-04
Loss = 2.2357e-01, PNorm = 41.3842, GNorm = 1.0741, lr_0 = 3.0320e-04
Loss = 2.0523e-01, PNorm = 41.3999, GNorm = 1.4097, lr_0 = 3.0127e-04
Loss = 2.7593e-01, PNorm = 41.4117, GNorm = 1.5190, lr_0 = 2.9936e-04
Loss = 1.7893e-01, PNorm = 41.4281, GNorm = 1.2884, lr_0 = 2.9746e-04
Loss = 2.3953e-01, PNorm = 41.4436, GNorm = 0.7630, lr_0 = 2.9557e-04
Loss = 1.9986e-01, PNorm = 41.4611, GNorm = 1.6058, lr_0 = 2.9369e-04
Loss = 2.0153e-01, PNorm = 41.4801, GNorm = 1.3563, lr_0 = 2.9182e-04
Loss = 1.9136e-01, PNorm = 41.4988, GNorm = 1.3146, lr_0 = 2.8997e-04
Loss = 2.0594e-01, PNorm = 41.5182, GNorm = 0.9431, lr_0 = 2.8812e-04
Loss = 1.6763e-01, PNorm = 41.5196, GNorm = 1.5156, lr_0 = 2.8794e-04
Validation auc = 0.940637
Epoch 17
Loss = 2.1086e-01, PNorm = 41.5401, GNorm = 1.3711, lr_0 = 2.8611e-04
Loss = 1.9171e-01, PNorm = 41.5576, GNorm = 0.9606, lr_0 = 2.8429e-04
Loss = 1.9296e-01, PNorm = 41.5711, GNorm = 1.4696, lr_0 = 2.8249e-04
Loss = 1.7883e-01, PNorm = 41.5875, GNorm = 1.0989, lr_0 = 2.8069e-04
Loss = 2.4768e-01, PNorm = 41.6082, GNorm = 2.3136, lr_0 = 2.7891e-04
Loss = 2.2177e-01, PNorm = 41.6354, GNorm = 1.0826, lr_0 = 2.7713e-04
Loss = 2.1724e-01, PNorm = 41.6534, GNorm = 0.8879, lr_0 = 2.7537e-04
Loss = 2.0816e-01, PNorm = 41.6652, GNorm = 0.7039, lr_0 = 2.7362e-04
Loss = 2.5049e-01, PNorm = 41.6766, GNorm = 1.2198, lr_0 = 2.7189e-04
Loss = 2.1356e-01, PNorm = 41.6892, GNorm = 1.0718, lr_0 = 2.7016e-04
Loss = 1.6960e-01, PNorm = 41.7067, GNorm = 1.1351, lr_0 = 2.6844e-04
Loss = 1.9692e-01, PNorm = 41.7226, GNorm = 1.1824, lr_0 = 2.6673e-04
Validation auc = 0.941268
Epoch 18
Loss = 1.7152e-01, PNorm = 41.7373, GNorm = 1.3169, lr_0 = 2.6487e-04
Loss = 2.2077e-01, PNorm = 41.7521, GNorm = 1.2624, lr_0 = 2.6319e-04
Loss = 2.1027e-01, PNorm = 41.7688, GNorm = 1.4621, lr_0 = 2.6152e-04
Loss = 1.8324e-01, PNorm = 41.7864, GNorm = 1.0874, lr_0 = 2.5985e-04
Loss = 1.6164e-01, PNorm = 41.8055, GNorm = 0.9103, lr_0 = 2.5820e-04
Loss = 1.9381e-01, PNorm = 41.8237, GNorm = 1.6051, lr_0 = 2.5656e-04
Loss = 2.2683e-01, PNorm = 41.8413, GNorm = 1.7660, lr_0 = 2.5493e-04
Loss = 2.1518e-01, PNorm = 41.8552, GNorm = 1.2758, lr_0 = 2.5331e-04
Loss = 2.1036e-01, PNorm = 41.8678, GNorm = 1.3899, lr_0 = 2.5170e-04
Loss = 2.4405e-01, PNorm = 41.8774, GNorm = 1.5741, lr_0 = 2.5010e-04
Loss = 1.9852e-01, PNorm = 41.8909, GNorm = 1.2920, lr_0 = 2.4851e-04
Loss = 1.8751e-01, PNorm = 41.9004, GNorm = 0.6464, lr_0 = 2.4693e-04
Loss = 2.0404e-01, PNorm = 41.9136, GNorm = 1.8416, lr_0 = 2.4536e-04
Validation auc = 0.940512
Epoch 19
Loss = 1.8621e-01, PNorm = 41.9254, GNorm = 1.1156, lr_0 = 2.4381e-04
Loss = 1.8587e-01, PNorm = 41.9429, GNorm = 1.3528, lr_0 = 2.4226e-04
Loss = 1.6300e-01, PNorm = 41.9628, GNorm = 1.7234, lr_0 = 2.4072e-04
Loss = 1.8801e-01, PNorm = 41.9747, GNorm = 2.2341, lr_0 = 2.3919e-04
Loss = 2.0659e-01, PNorm = 41.9915, GNorm = 2.6945, lr_0 = 2.3767e-04
Loss = 2.5544e-01, PNorm = 42.0034, GNorm = 1.9694, lr_0 = 2.3616e-04
Loss = 2.2277e-01, PNorm = 42.0155, GNorm = 1.0675, lr_0 = 2.3466e-04
Loss = 2.3590e-01, PNorm = 42.0271, GNorm = 1.4230, lr_0 = 2.3316e-04
Loss = 1.6245e-01, PNorm = 42.0386, GNorm = 0.8366, lr_0 = 2.3168e-04
Loss = 2.0675e-01, PNorm = 42.0556, GNorm = 1.8143, lr_0 = 2.3021e-04
Loss = 1.8772e-01, PNorm = 42.0680, GNorm = 1.2384, lr_0 = 2.2875e-04
Loss = 2.0543e-01, PNorm = 42.0821, GNorm = 1.3042, lr_0 = 2.2729e-04
Loss = 1.9484e-01, PNorm = 42.0927, GNorm = 1.9956, lr_0 = 2.2585e-04
Validation auc = 0.939677
Epoch 20
Loss = 1.9154e-01, PNorm = 42.1077, GNorm = 0.8914, lr_0 = 2.2427e-04
Loss = 1.9228e-01, PNorm = 42.1219, GNorm = 1.7128, lr_0 = 2.2285e-04
Loss = 1.7386e-01, PNorm = 42.1354, GNorm = 1.4013, lr_0 = 2.2143e-04
Loss = 1.5138e-01, PNorm = 42.1486, GNorm = 1.0130, lr_0 = 2.2002e-04
Loss = 1.9206e-01, PNorm = 42.1612, GNorm = 1.2539, lr_0 = 2.1863e-04
Loss = 2.0700e-01, PNorm = 42.1743, GNorm = 1.7756, lr_0 = 2.1724e-04
Loss = 1.8639e-01, PNorm = 42.1843, GNorm = 0.8564, lr_0 = 2.1586e-04
Loss = 2.3517e-01, PNorm = 42.1972, GNorm = 2.4807, lr_0 = 2.1448e-04
Loss = 2.0217e-01, PNorm = 42.2085, GNorm = 0.8461, lr_0 = 2.1312e-04
Loss = 1.7893e-01, PNorm = 42.2196, GNorm = 1.4616, lr_0 = 2.1177e-04
Loss = 1.7380e-01, PNorm = 42.2292, GNorm = 0.9368, lr_0 = 2.1042e-04
Loss = 1.7444e-01, PNorm = 42.2404, GNorm = 1.2983, lr_0 = 2.0908e-04
Loss = 1.6502e-01, PNorm = 42.2535, GNorm = 1.0253, lr_0 = 2.0776e-04
Validation auc = 0.939973
Epoch 21
Loss = 1.6588e-01, PNorm = 42.2667, GNorm = 1.0659, lr_0 = 2.0644e-04
Loss = 1.7304e-01, PNorm = 42.2795, GNorm = 1.5348, lr_0 = 2.0512e-04
Loss = 1.9760e-01, PNorm = 42.2917, GNorm = 1.1929, lr_0 = 2.0382e-04
Loss = 1.7130e-01, PNorm = 42.3055, GNorm = 1.0726, lr_0 = 2.0252e-04
Loss = 1.7396e-01, PNorm = 42.3188, GNorm = 1.2550, lr_0 = 2.0124e-04
Loss = 2.2318e-01, PNorm = 42.3299, GNorm = 1.6006, lr_0 = 1.9996e-04
Loss = 1.7357e-01, PNorm = 42.3388, GNorm = 1.5228, lr_0 = 1.9869e-04
Loss = 1.7533e-01, PNorm = 42.3512, GNorm = 1.5007, lr_0 = 1.9743e-04
Loss = 1.7894e-01, PNorm = 42.3639, GNorm = 1.8908, lr_0 = 1.9617e-04
Loss = 1.6058e-01, PNorm = 42.3780, GNorm = 0.8409, lr_0 = 1.9492e-04
Loss = 2.0760e-01, PNorm = 42.3907, GNorm = 1.8011, lr_0 = 1.9369e-04
Loss = 1.8916e-01, PNorm = 42.3963, GNorm = 1.0799, lr_0 = 1.9246e-04
Loss = 1.6782e-01, PNorm = 42.4061, GNorm = 1.7055, lr_0 = 1.9123e-04
Validation auc = 0.941248
Epoch 22
Loss = 1.7948e-01, PNorm = 42.4154, GNorm = 0.7130, lr_0 = 1.8990e-04
Loss = 1.5974e-01, PNorm = 42.4264, GNorm = 1.8358, lr_0 = 1.8869e-04
Loss = 1.8337e-01, PNorm = 42.4311, GNorm = 2.3988, lr_0 = 1.8749e-04
Loss = 1.7712e-01, PNorm = 42.4416, GNorm = 1.3633, lr_0 = 1.8630e-04
Loss = 1.9321e-01, PNorm = 42.4532, GNorm = 1.8291, lr_0 = 1.8512e-04
Loss = 1.6021e-01, PNorm = 42.4605, GNorm = 1.1546, lr_0 = 1.8394e-04
Loss = 1.5450e-01, PNorm = 42.4737, GNorm = 0.9642, lr_0 = 1.8277e-04
Loss = 1.7388e-01, PNorm = 42.4849, GNorm = 1.3515, lr_0 = 1.8161e-04
Loss = 1.5948e-01, PNorm = 42.4957, GNorm = 1.0884, lr_0 = 1.8045e-04
Loss = 1.9387e-01, PNorm = 42.5043, GNorm = 0.6407, lr_0 = 1.7931e-04
Loss = 1.9327e-01, PNorm = 42.5125, GNorm = 0.9121, lr_0 = 1.7817e-04
Loss = 2.0699e-01, PNorm = 42.5222, GNorm = 1.0290, lr_0 = 1.7704e-04
Loss = 1.9505e-01, PNorm = 42.5343, GNorm = 1.4945, lr_0 = 1.7591e-04
Validation auc = 0.943379
Epoch 23
Loss = 1.8161e-01, PNorm = 42.5445, GNorm = 1.6689, lr_0 = 1.7479e-04
Loss = 1.4691e-01, PNorm = 42.5578, GNorm = 1.7012, lr_0 = 1.7368e-04
Loss = 1.7234e-01, PNorm = 42.5717, GNorm = 1.4785, lr_0 = 1.7258e-04
Loss = 1.5031e-01, PNorm = 42.5826, GNorm = 0.8896, lr_0 = 1.7148e-04
Loss = 1.7711e-01, PNorm = 42.5945, GNorm = 1.0293, lr_0 = 1.7039e-04
Loss = 1.7774e-01, PNorm = 42.6018, GNorm = 2.4640, lr_0 = 1.6931e-04
Loss = 1.4637e-01, PNorm = 42.6124, GNorm = 0.8908, lr_0 = 1.6823e-04
Loss = 1.6874e-01, PNorm = 42.6240, GNorm = 2.3375, lr_0 = 1.6716e-04
Loss = 1.7030e-01, PNorm = 42.6322, GNorm = 1.4807, lr_0 = 1.6610e-04
Loss = 1.9891e-01, PNorm = 42.6434, GNorm = 1.7860, lr_0 = 1.6505e-04
Loss = 2.0455e-01, PNorm = 42.6522, GNorm = 1.8908, lr_0 = 1.6400e-04
Loss = 1.8614e-01, PNorm = 42.6590, GNorm = 0.9818, lr_0 = 1.6296e-04
Loss = 1.4482e-01, PNorm = 42.6663, GNorm = 0.6863, lr_0 = 1.6192e-04
Validation auc = 0.943504
Epoch 24
Loss = 1.5441e-01, PNorm = 42.6757, GNorm = 1.0486, lr_0 = 1.6079e-04
Loss = 1.4054e-01, PNorm = 42.6870, GNorm = 1.3561, lr_0 = 1.5977e-04
Loss = 1.7017e-01, PNorm = 42.6988, GNorm = 1.2587, lr_0 = 1.5875e-04
Loss = 1.9512e-01, PNorm = 42.7080, GNorm = 2.0058, lr_0 = 1.5774e-04
Loss = 1.6037e-01, PNorm = 42.7180, GNorm = 1.2266, lr_0 = 1.5674e-04
Loss = 1.8718e-01, PNorm = 42.7254, GNorm = 1.0548, lr_0 = 1.5575e-04
Loss = 1.9479e-01, PNorm = 42.7348, GNorm = 2.3509, lr_0 = 1.5476e-04
Loss = 1.3016e-01, PNorm = 42.7441, GNorm = 1.4607, lr_0 = 1.5377e-04
Loss = 1.4605e-01, PNorm = 42.7554, GNorm = 1.0006, lr_0 = 1.5279e-04
Loss = 1.8032e-01, PNorm = 42.7644, GNorm = 1.3631, lr_0 = 1.5182e-04
Loss = 1.7126e-01, PNorm = 42.7722, GNorm = 0.9333, lr_0 = 1.5086e-04
Loss = 1.2708e-01, PNorm = 42.7790, GNorm = 0.9118, lr_0 = 1.4990e-04
Loss = 1.8294e-01, PNorm = 42.7882, GNorm = 1.0950, lr_0 = 1.4895e-04
Validation auc = 0.942340
Epoch 25
Loss = 1.5874e-01, PNorm = 42.7946, GNorm = 2.6537, lr_0 = 1.4800e-04
Loss = 1.7043e-01, PNorm = 42.8035, GNorm = 1.1637, lr_0 = 1.4706e-04
Loss = 1.3019e-01, PNorm = 42.8134, GNorm = 1.7657, lr_0 = 1.4613e-04
Loss = 1.6719e-01, PNorm = 42.8212, GNorm = 1.5615, lr_0 = 1.4520e-04
Loss = 1.3796e-01, PNorm = 42.8295, GNorm = 1.0957, lr_0 = 1.4428e-04
Loss = 1.2193e-01, PNorm = 42.8398, GNorm = 0.9985, lr_0 = 1.4336e-04
Loss = 1.7252e-01, PNorm = 42.8505, GNorm = 1.2769, lr_0 = 1.4245e-04
Loss = 1.7080e-01, PNorm = 42.8573, GNorm = 1.4348, lr_0 = 1.4154e-04
Loss = 1.8522e-01, PNorm = 42.8640, GNorm = 1.2661, lr_0 = 1.4064e-04
Loss = 1.5434e-01, PNorm = 42.8699, GNorm = 1.1933, lr_0 = 1.3975e-04
Loss = 1.9779e-01, PNorm = 42.8784, GNorm = 1.3711, lr_0 = 1.3886e-04
Loss = 1.7032e-01, PNorm = 42.8869, GNorm = 1.9568, lr_0 = 1.3798e-04
Loss = 1.4972e-01, PNorm = 42.8946, GNorm = 1.6811, lr_0 = 1.3710e-04
Validation auc = 0.941413
Epoch 26
Loss = 1.2473e-01, PNorm = 42.9032, GNorm = 0.8086, lr_0 = 1.3614e-04
Loss = 1.4628e-01, PNorm = 42.9127, GNorm = 1.4053, lr_0 = 1.3528e-04
Loss = 1.3928e-01, PNorm = 42.9210, GNorm = 2.9227, lr_0 = 1.3442e-04
Loss = 1.6622e-01, PNorm = 42.9278, GNorm = 1.4283, lr_0 = 1.3356e-04
Loss = 1.6902e-01, PNorm = 42.9362, GNorm = 1.4316, lr_0 = 1.3272e-04
Loss = 1.5742e-01, PNorm = 42.9413, GNorm = 1.2341, lr_0 = 1.3187e-04
Loss = 1.6429e-01, PNorm = 42.9490, GNorm = 1.1175, lr_0 = 1.3103e-04
Loss = 1.5035e-01, PNorm = 42.9563, GNorm = 1.6953, lr_0 = 1.3020e-04
Loss = 1.9731e-01, PNorm = 42.9643, GNorm = 1.5583, lr_0 = 1.2937e-04
Loss = 1.4327e-01, PNorm = 42.9691, GNorm = 1.3654, lr_0 = 1.2855e-04
Loss = 1.5665e-01, PNorm = 42.9763, GNorm = 2.6342, lr_0 = 1.2774e-04
Loss = 1.4800e-01, PNorm = 42.9836, GNorm = 0.9944, lr_0 = 1.2692e-04
Loss = 1.7955e-01, PNorm = 42.9926, GNorm = 1.4283, lr_0 = 1.2612e-04
Validation auc = 0.944175
Epoch 27
Loss = 1.2106e-01, PNorm = 43.0001, GNorm = 0.9222, lr_0 = 1.2524e-04
Loss = 1.3642e-01, PNorm = 43.0105, GNorm = 1.1589, lr_0 = 1.2444e-04
Loss = 1.6817e-01, PNorm = 43.0189, GNorm = 1.1126, lr_0 = 1.2365e-04
Loss = 1.5795e-01, PNorm = 43.0245, GNorm = 1.3393, lr_0 = 1.2286e-04
Loss = 1.3096e-01, PNorm = 43.0318, GNorm = 1.7371, lr_0 = 1.2208e-04
Loss = 2.0871e-01, PNorm = 43.0366, GNorm = 1.0014, lr_0 = 1.2131e-04
Loss = 1.3657e-01, PNorm = 43.0424, GNorm = 1.2399, lr_0 = 1.2054e-04
Loss = 1.4751e-01, PNorm = 43.0503, GNorm = 1.7476, lr_0 = 1.1977e-04
Loss = 1.4281e-01, PNorm = 43.0574, GNorm = 1.2205, lr_0 = 1.1901e-04
Loss = 1.4476e-01, PNorm = 43.0661, GNorm = 1.3791, lr_0 = 1.1825e-04
Loss = 1.5979e-01, PNorm = 43.0708, GNorm = 1.2290, lr_0 = 1.1750e-04
Loss = 1.4220e-01, PNorm = 43.0771, GNorm = 0.9211, lr_0 = 1.1676e-04
Loss = 1.5403e-01, PNorm = 43.0813, GNorm = 1.0552, lr_0 = 1.1601e-04
Validation auc = 0.944122
Epoch 28
Loss = 1.0221e-01, PNorm = 43.0896, GNorm = 1.3451, lr_0 = 1.1528e-04
Loss = 1.5952e-01, PNorm = 43.0970, GNorm = 2.0368, lr_0 = 1.1454e-04
Loss = 1.2547e-01, PNorm = 43.1039, GNorm = 1.2677, lr_0 = 1.1382e-04
Loss = 1.3155e-01, PNorm = 43.1117, GNorm = 1.2725, lr_0 = 1.1309e-04
Loss = 1.4556e-01, PNorm = 43.1180, GNorm = 1.0759, lr_0 = 1.1237e-04
Loss = 2.0377e-01, PNorm = 43.1231, GNorm = 1.3808, lr_0 = 1.1166e-04
Loss = 1.2223e-01, PNorm = 43.1303, GNorm = 1.2830, lr_0 = 1.1095e-04
Loss = 1.1738e-01, PNorm = 43.1367, GNorm = 0.8207, lr_0 = 1.1024e-04
Loss = 1.6515e-01, PNorm = 43.1430, GNorm = 1.7265, lr_0 = 1.0954e-04
Loss = 1.5334e-01, PNorm = 43.1492, GNorm = 2.8651, lr_0 = 1.0885e-04
Loss = 1.8135e-01, PNorm = 43.1529, GNorm = 1.4529, lr_0 = 1.0816e-04
Loss = 1.5007e-01, PNorm = 43.1583, GNorm = 1.4911, lr_0 = 1.0747e-04
Loss = 1.2718e-01, PNorm = 43.1650, GNorm = 0.7192, lr_0 = 1.0679e-04
Validation auc = 0.942544
Epoch 29
Loss = 1.8136e-01, PNorm = 43.1722, GNorm = 1.3771, lr_0 = 1.0604e-04
Loss = 1.4070e-01, PNorm = 43.1788, GNorm = 1.8001, lr_0 = 1.0537e-04
Loss = 1.1509e-01, PNorm = 43.1868, GNorm = 0.7641, lr_0 = 1.0470e-04
Loss = 1.3973e-01, PNorm = 43.1919, GNorm = 1.2911, lr_0 = 1.0403e-04
Loss = 1.4746e-01, PNorm = 43.1974, GNorm = 1.9002, lr_0 = 1.0337e-04
Loss = 1.3070e-01, PNorm = 43.2019, GNorm = 1.0303, lr_0 = 1.0271e-04
Loss = 1.5009e-01, PNorm = 43.2067, GNorm = 1.5410, lr_0 = 1.0206e-04
Loss = 1.3120e-01, PNorm = 43.2127, GNorm = 1.6362, lr_0 = 1.0141e-04
Loss = 1.6721e-01, PNorm = 43.2196, GNorm = 1.0202, lr_0 = 1.0077e-04
Loss = 1.5006e-01, PNorm = 43.2250, GNorm = 1.3954, lr_0 = 1.0013e-04
Loss = 1.4591e-01, PNorm = 43.2328, GNorm = 2.5720, lr_0 = 1.0000e-04
Loss = 1.7849e-01, PNorm = 43.2359, GNorm = 1.8644, lr_0 = 1.0000e-04
Loss = 1.3676e-01, PNorm = 43.2416, GNorm = 0.8719, lr_0 = 1.0000e-04
Validation auc = 0.941077
Model 0 best validation auc = 0.944175 on epoch 26
Loading pretrained parameter "encoder.encoder.0.cached_zero_vector".
Loading pretrained parameter "encoder.encoder.0.W_i.weight".
Loading pretrained parameter "encoder.encoder.0.W_h.weight".
Loading pretrained parameter "encoder.encoder.0.W_o.weight".
Loading pretrained parameter "encoder.encoder.0.W_o.bias".
Loading pretrained parameter "ffn.1.weight".
Loading pretrained parameter "ffn.1.bias".
Loading pretrained parameter "ffn.4.weight".
Loading pretrained parameter "ffn.4.bias".
Model 0 test auc = 0.940668
Ensemble test auc = 0.940668
1-fold cross validation
	Seed 0 ==> test auc = 0.940668
Overall test auc = 0.940668 +/- 0.000000
Elapsed time = 0:17:04
Command line
python C:\Users\gurka\miniconda3\envs\chemprop\lib\site-packages\ipykernel_launcher.py --ip=127.0.0.1 --stdin=9008 --control=9006 --hb=9005 --Session.signature_scheme="hmac-sha256" --Session.key=b"38d87ed5-066b-4f4f-aabb-4f9652b0e369" --shell=9007 --transport="tcp" --iopub=9009 --f=C:\Users\gurka\AppData\Local\Temp\tmp-9036RY09CC7MEFFo.json
Args
{'activation': 'ReLU',
 'aggregation': 'mean',
 'aggregation_norm': 100,
 'atom_descriptor_scaling': True,
 'atom_descriptors': None,
 'atom_descriptors_path': None,
 'atom_descriptors_size': 0,
 'atom_features_size': 0,
 'atom_messages': False,
 'batch_size': 50,
 'bias': False,
 'bond_feature_scaling': True,
 'bond_features_path': None,
 'bond_features_size': 0,
 'cache_cutoff': 10000,
 'checkpoint_dir': None,
 'checkpoint_frzn': None,
 'checkpoint_path': None,
 'checkpoint_paths': None,
 'class_balance': False,
 'config_path': None,
 'crossval_index_dir': None,
 'crossval_index_file': None,
 'crossval_index_sets': None,
 'cuda': False,
 'data_path': './data/chemprop_data.csv',
 'data_weights_path': None,
 'dataset_type': 'classification',
 'depth': 3,
 'device': device(type='cpu'),
 'dropout': 0.0,
 'empty_cache': False,
 'ensemble_size': 1,
 'epochs': 30,
 'explicit_h': False,
 'extra_metrics': [],
 'features_generator': None,
 'features_only': False,
 'features_path': None,
 'features_scaling': True,
 'features_size': None,
 'ffn_hidden_size': 300,
 'ffn_num_layers': 2,
 'final_lr': 0.0001,
 'folds_file': None,
 'freeze_first_only': False,
 'frzn_ffn_layers': 0,
 'gpu': None,
 'grad_clip': None,
 'hidden_size': 300,
 'ignore_columns': None,
 'init_lr': 0.0001,
 'log_frequency': 10,
 'max_data_size': None,
 'max_lr': 0.001,
 'metric': 'auc',
 'metrics': ['auc'],
 'minimize_score': False,
 'mpn_shared': False,
 'multiclass_num_classes': 3,
 'no_atom_descriptor_scaling': False,
 'no_bond_features_scaling': False,
 'no_cache_mol': False,
 'no_cuda': False,
 'no_features_scaling': False,
 'num_folds': 1,
 'num_lrs': 1,
 'num_tasks': 1,
 'num_workers': 8,
 'number_of_molecules': 1,
 'overwrite_default_atom_features': False,
 'overwrite_default_bond_features': False,
 'pytorch_seed': 0,
 'quiet': False,
 'reaction': False,
 'reaction_mode': 'reac_diff',
 'resume_experiment': False,
 'save_dir': './data/chemprop_checkpoints/',
 'save_preds': False,
 'save_smiles_splits': False,
 'seed': 0,
 'separate_test_atom_descriptors_path': None,
 'separate_test_bond_features_path': None,
 'separate_test_features_path': None,
 'separate_test_path': None,
 'separate_val_atom_descriptors_path': None,
 'separate_val_bond_features_path': None,
 'separate_val_features_path': None,
 'separate_val_path': None,
 'show_individual_scores': False,
 'smiles_columns': ['smiles'],
 'split_sizes': (0.8, 0.1, 0.1),
 'split_type': 'random',
 'target_columns': None,
 'target_weights': None,
 'task_names': ['BBB+/BBB-'],
 'test': False,
 'test_fold_index': None,
 'train_data_size': None,
 'undirected': False,
 'use_input_features': False,
 'val_fold_index': None,
 'warmup_epochs': 2.0}
Loading data
Number of tasks = 1
Fold 0
Splitting data with seed 0
Class sizes
BBB+/BBB- 0: 23.49%, 1: 76.51%
Total size = 2,039 | train size = 1,631 | val size = 204 | test size = 204
Building model 0
MoleculeModel(
  (sigmoid): Sigmoid()
  (encoder): MPN(
    (encoder): ModuleList(
      (0): MPNEncoder(
        (dropout_layer): Dropout(p=0.0, inplace=False)
        (act_func): ReLU()
        (W_i): Linear(in_features=147, out_features=300, bias=False)
        (W_h): Linear(in_features=300, out_features=300, bias=False)
        (W_o): Linear(in_features=433, out_features=300, bias=True)
      )
    )
  )
  (ffn): Sequential(
    (0): Dropout(p=0.0, inplace=False)
    (1): Linear(in_features=300, out_features=300, bias=True)
    (2): ReLU()
    (3): Dropout(p=0.0, inplace=False)
    (4): Linear(in_features=300, out_features=1, bias=True)
  )
)
Number of parameters = 355,201
Epoch 0
Loss = 5.9187e-01, PNorm = 34.0129, GNorm = 1.9187, lr_0 = 2.5469e-04
Loss = 5.5434e-01, PNorm = 34.0178, GNorm = 0.9084, lr_0 = 3.9531e-04
Loss = 5.3778e-01, PNorm = 34.0352, GNorm = 1.0473, lr_0 = 5.3594e-04
Validation auc = 0.761170
Epoch 1
Loss = 5.2344e-01, PNorm = 34.0712, GNorm = 0.8710, lr_0 = 6.9063e-04
Loss = 4.4053e-01, PNorm = 34.1242, GNorm = 0.5116, lr_0 = 8.3125e-04
Loss = 4.2815e-01, PNorm = 34.1845, GNorm = 1.3244, lr_0 = 9.7187e-04
Validation auc = 0.859347
Epoch 2
Loss = 4.2228e-01, PNorm = 34.2497, GNorm = 3.4684, lr_0 = 9.7965e-04
Loss = 4.4041e-01, PNorm = 34.3147, GNorm = 1.0428, lr_0 = 9.5480e-04
Loss = 3.5853e-01, PNorm = 34.3874, GNorm = 1.1247, lr_0 = 9.3057e-04
Validation auc = 0.871840
Epoch 3
Loss = 3.9504e-01, PNorm = 34.4475, GNorm = 0.5063, lr_0 = 9.0463e-04
Loss = 3.3962e-01, PNorm = 34.5083, GNorm = 2.8686, lr_0 = 8.8168e-04
Loss = 3.7255e-01, PNorm = 34.5647, GNorm = 3.0692, lr_0 = 8.5931e-04
Loss = 3.8850e-01, PNorm = 34.5984, GNorm = 0.5856, lr_0 = 8.3751e-04
Validation auc = 0.880071
Epoch 4
Loss = 3.5782e-01, PNorm = 34.6530, GNorm = 0.6138, lr_0 = 8.1626e-04
Loss = 3.4097e-01, PNorm = 34.7011, GNorm = 0.4640, lr_0 = 7.9555e-04
Loss = 3.6649e-01, PNorm = 34.7452, GNorm = 1.9519, lr_0 = 7.7537e-04
Validation auc = 0.883745
Epoch 5
Loss = 3.3161e-01, PNorm = 34.8088, GNorm = 1.7982, lr_0 = 7.5570e-04
Loss = 3.4208e-01, PNorm = 34.8578, GNorm = 0.6233, lr_0 = 7.3653e-04
Loss = 3.6169e-01, PNorm = 34.8937, GNorm = 0.9203, lr_0 = 7.1784e-04
Validation auc = 0.894033
Epoch 6
Loss = 2.7702e-01, PNorm = 34.9476, GNorm = 0.9098, lr_0 = 6.9783e-04
Loss = 3.5712e-01, PNorm = 34.9920, GNorm = 0.7151, lr_0 = 6.8013e-04
Loss = 3.0749e-01, PNorm = 35.0345, GNorm = 0.4638, lr_0 = 6.6287e-04
Validation auc = 0.905056
Epoch 7
Loss = 3.6961e-01, PNorm = 35.0758, GNorm = 1.5789, lr_0 = 6.4605e-04
Loss = 3.3627e-01, PNorm = 35.1242, GNorm = 0.7296, lr_0 = 6.2966e-04
Loss = 3.1786e-01, PNorm = 35.1795, GNorm = 1.4443, lr_0 = 6.1369e-04
Loss = 3.4876e-01, PNorm = 35.2213, GNorm = 0.5024, lr_0 = 5.9812e-04
Loss = 2.4257e-01, PNorm = 35.2250, GNorm = 0.4438, lr_0 = 5.9658e-04
Validation auc = 0.915932
Epoch 8
Loss = 3.0900e-01, PNorm = 35.2719, GNorm = 0.6600, lr_0 = 5.8145e-04
Loss = 2.8936e-01, PNorm = 35.3170, GNorm = 0.7344, lr_0 = 5.6669e-04
Loss = 2.9811e-01, PNorm = 35.3624, GNorm = 1.1975, lr_0 = 5.5232e-04
Validation auc = 0.915197
Epoch 9
Loss = 2.7477e-01, PNorm = 35.3990, GNorm = 1.1795, lr_0 = 5.3830e-04
Loss = 2.9971e-01, PNorm = 35.4450, GNorm = 1.6469, lr_0 = 5.2465e-04
Loss = 2.8227e-01, PNorm = 35.4904, GNorm = 0.4635, lr_0 = 5.1133e-04
Validation auc = 0.918430
Epoch 10
Loss = 3.0567e-01, PNorm = 35.5341, GNorm = 0.6999, lr_0 = 4.9836e-04
Loss = 2.7578e-01, PNorm = 35.5750, GNorm = 0.6718, lr_0 = 4.8572e-04
Loss = 2.6020e-01, PNorm = 35.6174, GNorm = 0.7363, lr_0 = 4.7339e-04
Validation auc = 0.917842
Epoch 11
Loss = 3.2002e-01, PNorm = 35.6627, GNorm = 1.6528, lr_0 = 4.6020e-04
Loss = 2.7869e-01, PNorm = 35.7026, GNorm = 0.7604, lr_0 = 4.4852e-04
Loss = 2.3755e-01, PNorm = 35.7417, GNorm = 1.6526, lr_0 = 4.3714e-04
Loss = 2.8280e-01, PNorm = 35.7784, GNorm = 2.2069, lr_0 = 4.2605e-04
Validation auc = 0.929159
Epoch 12
Loss = 2.7878e-01, PNorm = 35.8131, GNorm = 0.7937, lr_0 = 4.1524e-04
Loss = 2.5139e-01, PNorm = 35.8526, GNorm = 0.5400, lr_0 = 4.0471e-04
Loss = 2.4704e-01, PNorm = 35.8875, GNorm = 1.9034, lr_0 = 3.9444e-04
Validation auc = 0.921958
Epoch 13
Loss = 2.0623e-01, PNorm = 35.9139, GNorm = 1.1714, lr_0 = 3.8443e-04
Loss = 2.3770e-01, PNorm = 35.9420, GNorm = 0.6029, lr_0 = 3.7468e-04
Loss = 2.8006e-01, PNorm = 35.9720, GNorm = 0.8182, lr_0 = 3.6517e-04
Validation auc = 0.926073
Epoch 14
Loss = 2.3043e-01, PNorm = 36.0041, GNorm = 0.6815, lr_0 = 3.5500e-04
Loss = 2.3222e-01, PNorm = 36.0370, GNorm = 1.4180, lr_0 = 3.4599e-04
Loss = 2.7322e-01, PNorm = 36.0667, GNorm = 0.6040, lr_0 = 3.3721e-04
Validation auc = 0.934744
Epoch 15
Loss = 2.9337e-01, PNorm = 36.0971, GNorm = 0.7799, lr_0 = 3.2866e-04
Loss = 2.4318e-01, PNorm = 36.1268, GNorm = 0.7794, lr_0 = 3.2032e-04
Loss = 2.3416e-01, PNorm = 36.1559, GNorm = 0.5159, lr_0 = 3.1219e-04
Loss = 2.3269e-01, PNorm = 36.1876, GNorm = 1.7318, lr_0 = 3.0427e-04
Validation auc = 0.932393
Epoch 16
Loss = 2.2304e-01, PNorm = 36.2160, GNorm = 2.7966, lr_0 = 2.9579e-04
Loss = 2.0816e-01, PNorm = 36.2396, GNorm = 0.7597, lr_0 = 2.8828e-04
Loss = 2.3369e-01, PNorm = 36.2663, GNorm = 1.1614, lr_0 = 2.8097e-04
Validation auc = 0.936067
Epoch 17
Loss = 2.1519e-01, PNorm = 36.2951, GNorm = 1.8285, lr_0 = 2.7384e-04
Loss = 2.1200e-01, PNorm = 36.3260, GNorm = 0.7042, lr_0 = 2.6689e-04
Loss = 2.3572e-01, PNorm = 36.3511, GNorm = 1.2433, lr_0 = 2.6012e-04
Validation auc = 0.936508
Epoch 18
Loss = 1.7825e-01, PNorm = 36.3728, GNorm = 0.9227, lr_0 = 2.5352e-04
Loss = 2.2509e-01, PNorm = 36.3979, GNorm = 1.0629, lr_0 = 2.4709e-04
Loss = 2.3863e-01, PNorm = 36.4208, GNorm = 2.5100, lr_0 = 2.4082e-04
Validation auc = 0.939594
Epoch 19
Loss = 3.6926e-01, PNorm = 36.4461, GNorm = 1.5098, lr_0 = 2.3411e-04
Loss = 1.9352e-01, PNorm = 36.4707, GNorm = 1.8905, lr_0 = 2.2817e-04
Loss = 2.0809e-01, PNorm = 36.4927, GNorm = 0.5925, lr_0 = 2.2238e-04
Loss = 2.1874e-01, PNorm = 36.5162, GNorm = 3.0442, lr_0 = 2.1674e-04
Validation auc = 0.934303
Epoch 20
Loss = 2.2140e-01, PNorm = 36.5361, GNorm = 2.4132, lr_0 = 2.1124e-04
Loss = 1.9910e-01, PNorm = 36.5592, GNorm = 1.6525, lr_0 = 2.0588e-04
Loss = 2.2852e-01, PNorm = 36.5795, GNorm = 1.4216, lr_0 = 2.0066e-04
Validation auc = 0.939300
Epoch 21
Loss = 2.8257e-01, PNorm = 36.5984, GNorm = 1.2960, lr_0 = 1.9557e-04
Loss = 2.0370e-01, PNorm = 36.6196, GNorm = 0.6428, lr_0 = 1.9060e-04
Loss = 1.7889e-01, PNorm = 36.6407, GNorm = 1.8309, lr_0 = 1.8577e-04
Validation auc = 0.937978
Epoch 22
Loss = 1.2969e-01, PNorm = 36.6605, GNorm = 0.7545, lr_0 = 1.8059e-04
Loss = 2.0494e-01, PNorm = 36.6797, GNorm = 1.7753, lr_0 = 1.7601e-04
Loss = 1.8404e-01, PNorm = 36.6980, GNorm = 0.7646, lr_0 = 1.7154e-04
Loss = 2.0893e-01, PNorm = 36.7149, GNorm = 1.3162, lr_0 = 1.6719e-04
Validation auc = 0.936214
Epoch 23
Loss = 1.8794e-01, PNorm = 36.7267, GNorm = 1.6560, lr_0 = 1.6295e-04
Loss = 2.0400e-01, PNorm = 36.7432, GNorm = 1.2140, lr_0 = 1.5882e-04
Loss = 1.8551e-01, PNorm = 36.7603, GNorm = 0.9165, lr_0 = 1.5479e-04
Validation auc = 0.936361
Epoch 24
Loss = 2.1156e-01, PNorm = 36.7745, GNorm = 1.0106, lr_0 = 1.5047e-04
Loss = 1.9011e-01, PNorm = 36.7876, GNorm = 1.5726, lr_0 = 1.4665e-04
Loss = 1.8422e-01, PNorm = 36.8045, GNorm = 1.7058, lr_0 = 1.4293e-04
Validation auc = 0.938859
Epoch 25
Loss = 1.8240e-01, PNorm = 36.8213, GNorm = 1.6437, lr_0 = 1.3931e-04
Loss = 1.8354e-01, PNorm = 36.8369, GNorm = 1.8711, lr_0 = 1.3577e-04
Loss = 1.8673e-01, PNorm = 36.8512, GNorm = 1.6342, lr_0 = 1.3233e-04
Validation auc = 0.937537
Epoch 26
Loss = 1.6140e-01, PNorm = 36.8636, GNorm = 0.9170, lr_0 = 1.2897e-04
Loss = 1.2388e-01, PNorm = 36.8767, GNorm = 1.3732, lr_0 = 1.2570e-04
Loss = 1.9982e-01, PNorm = 36.8895, GNorm = 1.6221, lr_0 = 1.2251e-04
Loss = 2.1328e-01, PNorm = 36.9009, GNorm = 1.0281, lr_0 = 1.1940e-04
Loss = 1.8710e-01, PNorm = 36.9022, GNorm = 1.8460, lr_0 = 1.1909e-04
Validation auc = 0.937831
Epoch 27
Loss = 1.8657e-01, PNorm = 36.9153, GNorm = 0.8529, lr_0 = 1.1607e-04
Loss = 1.6410e-01, PNorm = 36.9270, GNorm = 0.7706, lr_0 = 1.1313e-04
Loss = 1.6856e-01, PNorm = 36.9381, GNorm = 1.2737, lr_0 = 1.1026e-04
Validation auc = 0.936067
Epoch 28
Loss = 2.0724e-01, PNorm = 36.9482, GNorm = 1.9868, lr_0 = 1.0746e-04
Loss = 1.6064e-01, PNorm = 36.9598, GNorm = 2.8332, lr_0 = 1.0473e-04
Loss = 1.8079e-01, PNorm = 36.9702, GNorm = 1.3488, lr_0 = 1.0208e-04
Validation auc = 0.937684
Epoch 29
Loss = 1.3901e-01, PNorm = 36.9806, GNorm = 0.7788, lr_0 = 1.0000e-04
Loss = 1.6237e-01, PNorm = 36.9903, GNorm = 0.8319, lr_0 = 1.0000e-04
Loss = 1.6688e-01, PNorm = 37.0007, GNorm = 1.6499, lr_0 = 1.0000e-04
Validation auc = 0.933715
Model 0 best validation auc = 0.939594 on epoch 18
Loading pretrained parameter "encoder.encoder.0.cached_zero_vector".
Loading pretrained parameter "encoder.encoder.0.W_i.weight".
Loading pretrained parameter "encoder.encoder.0.W_h.weight".
Loading pretrained parameter "encoder.encoder.0.W_o.weight".
Loading pretrained parameter "encoder.encoder.0.W_o.bias".
Loading pretrained parameter "ffn.1.weight".
Loading pretrained parameter "ffn.1.bias".
Loading pretrained parameter "ffn.4.weight".
Loading pretrained parameter "ffn.4.bias".
Model 0 test auc = 0.905640
Ensemble test auc = 0.905640
1-fold cross validation
	Seed 0 ==> test auc = 0.905640
Overall test auc = 0.905640 +/- 0.000000
Elapsed time = 0:03:34
Command line
python C:\Users\gurka\miniconda3\envs\chemprop\lib\site-packages\ipykernel_launcher.py --ip=127.0.0.1 --stdin=9008 --control=9006 --hb=9005 --Session.signature_scheme="hmac-sha256" --Session.key=b"38d87ed5-066b-4f4f-aabb-4f9652b0e369" --shell=9007 --transport="tcp" --iopub=9009 --f=C:\Users\gurka\AppData\Local\Temp\tmp-9036RY09CC7MEFFo.json
Args
{'activation': 'ReLU',
 'aggregation': 'mean',
 'aggregation_norm': 100,
 'atom_descriptor_scaling': True,
 'atom_descriptors': None,
 'atom_descriptors_path': None,
 'atom_descriptors_size': 0,
 'atom_features_size': 0,
 'atom_messages': False,
 'batch_size': 50,
 'bias': False,
 'bond_feature_scaling': True,
 'bond_features_path': None,
 'bond_features_size': 0,
 'cache_cutoff': 10000,
 'checkpoint_dir': None,
 'checkpoint_frzn': None,
 'checkpoint_path': None,
 'checkpoint_paths': None,
 'class_balance': False,
 'config_path': None,
 'crossval_index_dir': None,
 'crossval_index_file': None,
 'crossval_index_sets': None,
 'cuda': False,
 'data_path': './data/chemprop_data.csv',
 'data_weights_path': None,
 'dataset_type': 'classification',
 'depth': 3,
 'device': device(type='cpu'),
 'dropout': 0.0,
 'empty_cache': False,
 'ensemble_size': 1,
 'epochs': 30,
 'explicit_h': False,
 'extra_metrics': [],
 'features_generator': None,
 'features_only': False,
 'features_path': None,
 'features_scaling': True,
 'features_size': None,
 'ffn_hidden_size': 300,
 'ffn_num_layers': 2,
 'final_lr': 0.0001,
 'folds_file': None,
 'freeze_first_only': False,
 'frzn_ffn_layers': 0,
 'gpu': None,
 'grad_clip': None,
 'hidden_size': 300,
 'ignore_columns': None,
 'init_lr': 0.0001,
 'log_frequency': 10,
 'max_data_size': None,
 'max_lr': 0.001,
 'metric': 'auc',
 'metrics': ['auc'],
 'minimize_score': False,
 'mpn_shared': False,
 'multiclass_num_classes': 3,
 'no_atom_descriptor_scaling': False,
 'no_bond_features_scaling': False,
 'no_cache_mol': False,
 'no_cuda': False,
 'no_features_scaling': False,
 'num_folds': 10,
 'num_lrs': 1,
 'num_tasks': 1,
 'num_workers': 8,
 'number_of_molecules': 1,
 'overwrite_default_atom_features': False,
 'overwrite_default_bond_features': False,
 'pytorch_seed': 0,
 'quiet': False,
 'reaction': False,
 'reaction_mode': 'reac_diff',
 'resume_experiment': False,
 'save_dir': './data/chemprop_checkpoints/',
 'save_preds': False,
 'save_smiles_splits': False,
 'seed': 0,
 'separate_test_atom_descriptors_path': None,
 'separate_test_bond_features_path': None,
 'separate_test_features_path': None,
 'separate_test_path': None,
 'separate_val_atom_descriptors_path': None,
 'separate_val_bond_features_path': None,
 'separate_val_features_path': None,
 'separate_val_path': './data/B3DB.csv',
 'show_individual_scores': False,
 'smiles_columns': ['smiles'],
 'split_sizes': (0.8, 0.1, 0.1),
 'split_type': 'scaffold_balanced',
 'target_columns': None,
 'target_weights': None,
 'task_names': ['BBB+/BBB-'],
 'test': False,
 'test_fold_index': None,
 'train_data_size': None,
 'undirected': False,
 'use_input_features': False,
 'val_fold_index': None,
 'warmup_epochs': 2.0}
Loading data
Number of tasks = 1
Fold 0
Splitting data with seed 0
