Fold 0
Fold 0
Fold 0
Model 0 best validation auc = 0.881092 on epoch 24
Model 0 test auc = 0.844660
Ensemble test auc = 0.844660
Fold 1
Model 0 best validation auc = 0.875535 on epoch 25
Model 0 test auc = 0.859605
Ensemble test auc = 0.859605
Fold 2
Model 0 best validation auc = 0.881586 on epoch 22
Model 0 test auc = 0.884451
Ensemble test auc = 0.884451
Fold 3
Model 0 best validation auc = 0.891827 on epoch 26
Model 0 test auc = 0.893417
Ensemble test auc = 0.893417
Fold 4
Model 0 best validation auc = 0.887590 on epoch 28
Model 0 test auc = 0.938451
Ensemble test auc = 0.938451
Fold 5
Model 0 best validation auc = 0.882930 on epoch 23
Model 0 test auc = 0.876687
Ensemble test auc = 0.876687
Fold 6
Model 0 best validation auc = 0.881583 on epoch 28
Model 0 test auc = 0.906706
Ensemble test auc = 0.906706
Fold 7
Model 0 best validation auc = 0.882866 on epoch 28
Model 0 test auc = 0.897564
Ensemble test auc = 0.897564
Fold 8
Model 0 best validation auc = 0.877031 on epoch 21
Model 0 test auc = 0.899712
Ensemble test auc = 0.899712
Fold 9
Model 0 best validation auc = 0.884838 on epoch 28
Model 0 test auc = 0.898943
Ensemble test auc = 0.898943
10-fold cross validation
	Seed 0 ==> test auc = 0.844660
	Seed 1 ==> test auc = 0.859605
	Seed 2 ==> test auc = 0.884451
	Seed 3 ==> test auc = 0.893417
	Seed 4 ==> test auc = 0.938451
	Seed 5 ==> test auc = 0.876687
	Seed 6 ==> test auc = 0.906706
	Seed 7 ==> test auc = 0.897564
	Seed 8 ==> test auc = 0.899712
	Seed 9 ==> test auc = 0.898943
Overall test auc = 0.890020 +/- 0.024612
Elapsed time = 1:54:20
Fold 0
Model 0 best validation auc = 0.900843 on epoch 29
Model 0 test auc = 0.854985
Ensemble test auc = 0.854985
1-fold cross validation
	Seed 0 ==> test auc = 0.854985
Overall test auc = 0.854985 +/- 0.000000
Elapsed time = 0:23:09
Fold 0
Model 0 best validation auc = 0.926059 on epoch 8
Model 0 test auc = 0.928767
Ensemble test auc = 0.928767
Fold 1
Model 0 best validation auc = 0.886265 on epoch 19
Model 0 test auc = 0.903879
Ensemble test auc = 0.903879
Fold 2
Model 0 best validation auc = 0.917212 on epoch 29
Model 0 test auc = 0.955724
Ensemble test auc = 0.955724
Fold 3
Model 0 best validation auc = 0.886939 on epoch 5
Model 0 test auc = 0.862450
Ensemble test auc = 0.862450
Fold 4
Model 0 best validation auc = 0.897674 on epoch 3
Model 0 test auc = 0.890246
Ensemble test auc = 0.890246
Fold 5
Model 0 best validation auc = 0.977661 on epoch 7
Model 0 test auc = 0.892326
Ensemble test auc = 0.892326
Fold 6
Model 0 best validation auc = 0.924837 on epoch 29
Model 0 test auc = 0.886606
Ensemble test auc = 0.886606
Fold 7
Model 0 best validation auc = 0.946760 on epoch 24
Model 0 test auc = 0.951849
Ensemble test auc = 0.951849
Fold 8
Model 0 best validation auc = 0.890004 on epoch 29
Model 0 test auc = 0.906486
Ensemble test auc = 0.906486
Fold 9
Model 0 best validation auc = 0.899198 on epoch 22
Model 0 test auc = 0.937866
Ensemble test auc = 0.937866
10-fold cross validation
	Seed 0 ==> test auc = 0.928767
	Seed 1 ==> test auc = 0.903879
	Seed 2 ==> test auc = 0.955724
	Seed 3 ==> test auc = 0.862450
	Seed 4 ==> test auc = 0.890246
	Seed 5 ==> test auc = 0.892326
	Seed 6 ==> test auc = 0.886606
	Seed 7 ==> test auc = 0.951849
	Seed 8 ==> test auc = 0.906486
	Seed 9 ==> test auc = 0.937866
Overall test auc = 0.911620 +/- 0.029164
Elapsed time = 0:20:54
